<?xml version="1.0" encoding="UTF-8"?>
<!-- Generated by org.testng.reporters.JUnitReportReporter -->
<testsuite hostname="Naveen" failures="0" tests="1" name="Mytests.TestVagrant" time="0.124" errors="0" timestamp="2022-07-29T09:40:49 IST" skipped="0">
  <testcase classname="Mytests.TestVagrant" name="f" time="0.124"/>
  <system-out/>
</testsuite> <!-- Mytests.TestVagrant -->
